<?xml version="1.0" encoding="UTF-8"?>
<testng-results skipped="0" failed="0" ignored="0" total="1" passed="1">
  <reporter-output>
  </reporter-output>
  <suite name="Default suite" duration-ms="10758" started-at="2018-11-05T05:40:26Z" finished-at="2018-11-05T05:40:37Z">
    <groups>
    </groups>
    <test name="Default test" duration-ms="10758" started-at="2018-11-05T05:40:26Z" finished-at="2018-11-05T05:40:37Z">
      <class name="demoyahoo.Demoyahoo">
        <test-method status="PASS" signature="demologin()[pri:0, instance:demoyahoo.Demoyahoo@4af044]" name="demologin" duration-ms="10707" started-at="2018-11-05T05:40:26Z" finished-at="2018-11-05T05:40:37Z">
          <reporter-output>
          </reporter-output>
        </test-method> <!-- demologin -->
      </class> <!-- demoyahoo.Demoyahoo -->
    </test> <!-- Default test -->
  </suite> <!-- Default suite -->
</testng-results>
